@storybook/cli v7.0.11

info => Cleaning outputDir: /var/folders/sj/5_1wg65x4vz7ml7tjl2xrxkw0000gn/T/chromatic--72444-soaeRpDMBzdm
info => Loading presets
info => Building manager..
info => Manager built (224 ms)
info => Copying static files: /Users/markluetke/Sites/luetkemj-components/node_modules/@storybook/manager/static at /var/folders/sj/5_1wg65x4vz7ml7tjl2xrxkw0000gn/T/chromatic--72444-soaeRpDMBzdm/sb-common-assets
vite v4.3.5 building for production...

./sb-common-assets/fonts.css doesn't exist at build time, it will remain unchanged to be resolved at runtime
transforming...
Use of eval in "node_modules/telejson/dist/index.mjs" is strongly discouraged as it poses security risks and may cause issues with minification.
Use of eval in "node_modules/telejson/dist/index.mjs" is strongly discouraged as it poses security risks and may cause issues with minification.
✓ 1320 modules transformed.
rendering chunks...
computing gzip size...
../../../../var/folders/sj/5_1wg65x4vz7ml7tjl2xrxkw0000gn/T/chromatic--72444-soaeRpDMBzdm/assets/direction-94a9917f.svg                         1.28 kB │ gzip:   0.71 kB
../../../../var/folders/sj/5_1wg65x4vz7ml7tjl2xrxkw0000gn/T/chromatic--72444-soaeRpDMBzdm/assets/flow-275142c6.svg                              1.39 kB │ gzip:   0.68 kB
../../../../var/folders/sj/5_1wg65x4vz7ml7tjl2xrxkw0000gn/T/chromatic--72444-soaeRpDMBzdm/assets/code-brackets-9ef6443e.svg                     1.46 kB │ gzip:   0.69 kB
../../../../var/folders/sj/5_1wg65x4vz7ml7tjl2xrxkw0000gn/T/chromatic--72444-soaeRpDMBzdm/assets/comments-f15a6837.svg                          1.53 kB │ gzip:   0.70 kB
../../../../var/folders/sj/5_1wg65x4vz7ml7tjl2xrxkw0000gn/T/chromatic--72444-soaeRpDMBzdm/assets/repo-fb4ece47.svg                              1.64 kB │ gzip:   0.83 kB
../../../../var/folders/sj/5_1wg65x4vz7ml7tjl2xrxkw0000gn/T/chromatic--72444-soaeRpDMBzdm/assets/plugin-57148314.svg                            2.17 kB │ gzip:   0.98 kB
../../../../var/folders/sj/5_1wg65x4vz7ml7tjl2xrxkw0000gn/T/chromatic--72444-soaeRpDMBzdm/assets/stackalt-2ad81543.svg                          2.55 kB │ gzip:   1.09 kB
../../../../var/folders/sj/5_1wg65x4vz7ml7tjl2xrxkw0000gn/T/chromatic--72444-soaeRpDMBzdm/assets/colors-ac9401f3.svg                            8.51 kB │ gzip:   3.61 kB
../../../../var/folders/sj/5_1wg65x4vz7ml7tjl2xrxkw0000gn/T/chromatic--72444-soaeRpDMBzdm/iframe.html                                          12.74 kB │ gzip:   3.58 kB
../../../../var/folders/sj/5_1wg65x4vz7ml7tjl2xrxkw0000gn/T/chromatic--72444-soaeRpDMBzdm/assets/Header-a6911580.css                            0.51 kB │ gzip:   0.31 kB
../../../../var/folders/sj/5_1wg65x4vz7ml7tjl2xrxkw0000gn/T/chromatic--72444-soaeRpDMBzdm/assets/Button-bc1a867b.css                            0.52 kB │ gzip:   0.29 kB
../../../../var/folders/sj/5_1wg65x4vz7ml7tjl2xrxkw0000gn/T/chromatic--72444-soaeRpDMBzdm/assets/Page.stories-ece1482a.css                      0.93 kB │ gzip:   0.39 kB
../../../../var/folders/sj/5_1wg65x4vz7ml7tjl2xrxkw0000gn/T/chromatic--72444-soaeRpDMBzdm/assets/preview-1e5c59db.js                            0.19 kB │ gzip:   0.19 kB │ map:     0.60 kB
../../../../var/folders/sj/5_1wg65x4vz7ml7tjl2xrxkw0000gn/T/chromatic--72444-soaeRpDMBzdm/assets/index-d475d2ea.js                              0.21 kB │ gzip:   0.17 kB │ map:     0.83 kB
../../../../var/folders/sj/5_1wg65x4vz7ml7tjl2xrxkw0000gn/T/chromatic--72444-soaeRpDMBzdm/assets/WithTooltip-FBT32F6Q-a255d3a1.js               0.39 kB │ gzip:   0.25 kB │ map:     0.11 kB
../../../../var/folders/sj/5_1wg65x4vz7ml7tjl2xrxkw0000gn/T/chromatic--72444-soaeRpDMBzdm/assets/syntaxhighlighter-QTQ2UBB4-6b47eaa8.js         0.41 kB │ gzip:   0.27 kB │ map:     0.12 kB
../../../../var/folders/sj/5_1wg65x4vz7ml7tjl2xrxkw0000gn/T/chromatic--72444-soaeRpDMBzdm/assets/index-18c0b439.js                              0.43 kB │ gzip:   0.26 kB │ map:     0.10 kB
../../../../var/folders/sj/5_1wg65x4vz7ml7tjl2xrxkw0000gn/T/chromatic--72444-soaeRpDMBzdm/assets/preview-05cee9e5.js                            0.49 kB │ gzip:   0.31 kB │ map:     0.56 kB
../../../../var/folders/sj/5_1wg65x4vz7ml7tjl2xrxkw0000gn/T/chromatic--72444-soaeRpDMBzdm/assets/index-a5cad65b.js                              0.53 kB │ gzip:   0.34 kB │ map:     4.29 kB
../../../../var/folders/sj/5_1wg65x4vz7ml7tjl2xrxkw0000gn/T/chromatic--72444-soaeRpDMBzdm/assets/preview-5ef354f3.js                            0.69 kB │ gzip:   0.49 kB │ map:     3.90 kB
../../../../var/folders/sj/5_1wg65x4vz7ml7tjl2xrxkw0000gn/T/chromatic--72444-soaeRpDMBzdm/assets/_commonjsHelpers-87174ba5.js                   0.78 kB │ gzip:   0.45 kB │ map:     0.11 kB
../../../../var/folders/sj/5_1wg65x4vz7ml7tjl2xrxkw0000gn/T/chromatic--72444-soaeRpDMBzdm/assets/index-356e4a49.js                              0.81 kB │ gzip:   0.51 kB │ map:     3.26 kB
../../../../var/folders/sj/5_1wg65x4vz7ml7tjl2xrxkw0000gn/T/chromatic--72444-soaeRpDMBzdm/assets/preview-b1164a2e.js                            0.88 kB │ gzip:   0.58 kB │ map:     2.89 kB
../../../../var/folders/sj/5_1wg65x4vz7ml7tjl2xrxkw0000gn/T/chromatic--72444-soaeRpDMBzdm/assets/Header.stories-69076760.js                     0.97 kB │ gzip:   0.51 kB │ map:     0.12 kB
../../../../var/folders/sj/5_1wg65x4vz7ml7tjl2xrxkw0000gn/T/chromatic--72444-soaeRpDMBzdm/assets/Button-f70a0e2c.js                             1.38 kB │ gzip:   0.74 kB │ map:     2.16 kB
../../../../var/folders/sj/5_1wg65x4vz7ml7tjl2xrxkw0000gn/T/chromatic--72444-soaeRpDMBzdm/assets/Button.stories-8a56b536.js                     1.53 kB │ gzip:   0.59 kB │ map:     0.13 kB
../../../../var/folders/sj/5_1wg65x4vz7ml7tjl2xrxkw0000gn/T/chromatic--72444-soaeRpDMBzdm/assets/Header-21a42f1c.js                             1.68 kB │ gzip:   0.94 kB │ map:     2.59 kB
../../../../var/folders/sj/5_1wg65x4vz7ml7tjl2xrxkw0000gn/T/chromatic--72444-soaeRpDMBzdm/assets/DocsRenderer-EYKKDMVH-0e64ae8e.js              1.74 kB │ gzip:   0.87 kB │ map:     5.00 kB
../../../../var/folders/sj/5_1wg65x4vz7ml7tjl2xrxkw0000gn/T/chromatic--72444-soaeRpDMBzdm/assets/preview-a60aa466.js                            2.40 kB │ gzip:   1.25 kB │ map:    11.19 kB
../../../../var/folders/sj/5_1wg65x4vz7ml7tjl2xrxkw0000gn/T/chromatic--72444-soaeRpDMBzdm/assets/index-d37d4223.js                              2.63 kB │ gzip:   1.30 kB │ map:     7.47 kB
../../../../var/folders/sj/5_1wg65x4vz7ml7tjl2xrxkw0000gn/T/chromatic--72444-soaeRpDMBzdm/assets/preview-770cc08b.js                            3.22 kB │ gzip:   1.39 kB │ map:    10.04 kB
../../../../var/folders/sj/5_1wg65x4vz7ml7tjl2xrxkw0000gn/T/chromatic--72444-soaeRpDMBzdm/assets/iframe-fd5484e0.js                             4.71 kB │ gzip:   1.67 kB │ map:     5.82 kB
../../../../var/folders/sj/5_1wg65x4vz7ml7tjl2xrxkw0000gn/T/chromatic--72444-soaeRpDMBzdm/assets/preview-d8c963a4.js                            7.67 kB │ gzip:   1.60 kB │ map:    13.71 kB
../../../../var/folders/sj/5_1wg65x4vz7ml7tjl2xrxkw0000gn/T/chromatic--72444-soaeRpDMBzdm/assets/Introduction-d60d7c4c.js                       7.70 kB │ gzip:   2.68 kB │ map:    14.05 kB
../../../../var/folders/sj/5_1wg65x4vz7ml7tjl2xrxkw0000gn/T/chromatic--72444-soaeRpDMBzdm/assets/preview-2cd4e1a1.js                            8.00 kB │ gzip:   3.04 kB │ map:    28.11 kB
../../../../var/folders/sj/5_1wg65x4vz7ml7tjl2xrxkw0000gn/T/chromatic--72444-soaeRpDMBzdm/assets/index-3639c647.js                             10.06 kB │ gzip:   3.66 kB │ map:    26.61 kB
../../../../var/folders/sj/5_1wg65x4vz7ml7tjl2xrxkw0000gn/T/chromatic--72444-soaeRpDMBzdm/assets/GlobalScrollAreaStyles-XIHNDKUY-a7da84b6.js   10.37 kB │ gzip:   2.33 kB │ map:    15.73 kB
../../../../var/folders/sj/5_1wg65x4vz7ml7tjl2xrxkw0000gn/T/chromatic--72444-soaeRpDMBzdm/assets/preview-b876855b.js                           11.13 kB │ gzip:   3.76 kB │ map:    41.77 kB
../../../../var/folders/sj/5_1wg65x4vz7ml7tjl2xrxkw0000gn/T/chromatic--72444-soaeRpDMBzdm/assets/Color-3YIJY6X7-6fae19ae.js                    31.00 kB │ gzip:  11.63 kB │ map:   112.73 kB
../../../../var/folders/sj/5_1wg65x4vz7ml7tjl2xrxkw0000gn/T/chromatic--72444-soaeRpDMBzdm/assets/OverlayScrollbars-VAV6LJAB-9f4d0d6d.js        58.94 kB │ gzip:  25.27 kB │ map:   277.46 kB
../../../../var/folders/sj/5_1wg65x4vz7ml7tjl2xrxkw0000gn/T/chromatic--72444-soaeRpDMBzdm/assets/index-6ed7397b.js                             78.09 kB │ gzip:  23.32 kB │ map:   323.64 kB
../../../../var/folders/sj/5_1wg65x4vz7ml7tjl2xrxkw0000gn/T/chromatic--72444-soaeRpDMBzdm/assets/vue.esm-bundler-d7d6327e.js                  137.66 kB │ gzip:  53.16 kB │ map:   774.22 kB
../../../../var/folders/sj/5_1wg65x4vz7ml7tjl2xrxkw0000gn/T/chromatic--72444-soaeRpDMBzdm/assets/config-830b1dc6.js                           155.26 kB │ gzip:  51.79 kB │ map:   347.47 kB
../../../../var/folders/sj/5_1wg65x4vz7ml7tjl2xrxkw0000gn/T/chromatic--72444-soaeRpDMBzdm/assets/Page.stories-61857591.js                     273.13 kB │ gzip:  65.96 kB │ map:   975.30 kB
../../../../var/folders/sj/5_1wg65x4vz7ml7tjl2xrxkw0000gn/T/chromatic--72444-soaeRpDMBzdm/assets/formatter-S4K5WUZV-c83dd39d.js               601.60 kB │ gzip: 185.02 kB │ map: 1,314.32 kB
../../../../var/folders/sj/5_1wg65x4vz7ml7tjl2xrxkw0000gn/T/chromatic--72444-soaeRpDMBzdm/assets/index-45067cd2.js                            644.26 kB │ gzip: 210.79 kB │ map: 1,786.25 kB

(!) Some chunks are larger than 500 kBs after minification. Consider:
- Using dynamic import() to code-split the application
- Use build.rollupOptions.output.manualChunks to improve chunking: https://rollupjs.org/configuration-options/#output-manualchunks
- Adjust chunk size limit for this warning via build.chunkSizeWarningLimit.
✓ built in 9.85s
info => Output directory: /var/folders/sj/5_1wg65x4vz7ml7tjl2xrxkw0000gn/T/chromatic--72444-soaeRpDMBzdm
